<?xml version="1.0" encoding="utf-8"?>
<TestRun id="94dafbd0-c5a1-49dc-a728-05cca9a26ec4" name="@runnervmnay03 2026-02-27 16:32:35" xmlns="http://microsoft.com/schemas/VisualStudio/TeamTest/2010">
  <Times creation="2026-02-27T16:32:35.2583146+00:00" queuing="2026-02-27T16:32:35.2583148+00:00" start="2026-02-27T16:32:34.4026897+00:00" finish="2026-02-27T16:32:35.2664498+00:00" />
  <TestSettings name="default" id="d1ede627-12e2-4e7f-bfce-072e90a6ec85">
    <Deployment runDeploymentRoot="_runnervmnay03_2026-02-27_16_32_35" />
  </TestSettings>
  <Results>
    <UnitTestResult executionId="88696cea-0b3d-41e2-bdc9-19d4b85765d9" testId="e623c989-d7be-364b-911c-0b8844e875a0" testName="ColorsClassLikeGenerator_ProducesExpectedGeneratedCode" computerName="runnervmnay03" duration="00:00:00.0437820" startTime="2026-02-27T16:32:35.0312790+00:00" endTime="2026-02-27T16:32:35.0749642+00:00" testType="13cdc9d9-ddb5-4fa4-a97d-d965ccfc6d4b" outcome="Failed" testListId="8c84fa94-04c1-424b-9868-57a2d4851a1d" relativeResultsDirectory="88696cea-0b3d-41e2-bdc9-19d4b85765d9">
      <Output>
        <ErrorInfo>
          <Message>  Assert.That(generatedCode, Is.EqualTo(expectedCode))
  Expected string length 166 but was 167. Strings differ at index 166.
  Expected: "...orsString()\n    {\n        return "Red, Green, Blue";\n    }\n}"
  But was:  "...orsString()\n    {\n        return "Red, Green, Blue";\n    }\n}\n"
  ------------------------------------------------------------------------------^
</Message>
          <StackTrace>   at MattSourceGenHelpers.Tests.Tests.ColorsClassLikeGenerator_ProducesExpectedGeneratedCode() in /home/runner/work/MattSourceGenHelpers/MattSourceGenHelpers/MattSourceGenHelpers.Tests/UnitTest1.cs:line 34

1)    at MattSourceGenHelpers.Tests.Tests.ColorsClassLikeGenerator_ProducesExpectedGeneratedCode() in /home/runner/work/MattSourceGenHelpers/MattSourceGenHelpers/MattSourceGenHelpers.Tests/UnitTest1.cs:line 34

</StackTrace>
        </ErrorInfo>
      </Output>
    </UnitTestResult>
    <UnitTestResult executionId="0c8c75ea-6f71-4de7-80c8-c464ad47d7fc" testId="f43425d3-dbe7-cb9c-d67c-14d0d68e627d" testName="ColorsClassLikeGenerator_ProducesExpectedRuntimeOutput" computerName="runnervmnay03" duration="00:00:00.0003710" startTime="2026-02-27T16:32:35.0769319+00:00" endTime="2026-02-27T16:32:35.0773029+00:00" testType="13cdc9d9-ddb5-4fa4-a97d-d965ccfc6d4b" outcome="Passed" testListId="8c84fa94-04c1-424b-9868-57a2d4851a1d" relativeResultsDirectory="0c8c75ea-6f71-4de7-80c8-c464ad47d7fc" />
  </Results>
  <TestDefinitions>
    <UnitTest name="ColorsClassLikeGenerator_ProducesExpectedGeneratedCode" storage="/home/runner/work/mattsourcegenhelpers/mattsourcegenhelpers/mattsourcegenhelpers.tests/bin/debug/net10.0/mattsourcegenhelpers.tests.dll" id="e623c989-d7be-364b-911c-0b8844e875a0">
      <Execution id="88696cea-0b3d-41e2-bdc9-19d4b85765d9" />
      <TestMethod codeBase="/home/runner/work/MattSourceGenHelpers/MattSourceGenHelpers/MattSourceGenHelpers.Tests/bin/Debug/net10.0/MattSourceGenHelpers.Tests.dll" adapterTypeName="executor://nunit3testexecutor/" className="MattSourceGenHelpers.Tests.Tests" name="ColorsClassLikeGenerator_ProducesExpectedGeneratedCode" />
    </UnitTest>
    <UnitTest name="ColorsClassLikeGenerator_ProducesExpectedRuntimeOutput" storage="/home/runner/work/mattsourcegenhelpers/mattsourcegenhelpers/mattsourcegenhelpers.tests/bin/debug/net10.0/mattsourcegenhelpers.tests.dll" id="f43425d3-dbe7-cb9c-d67c-14d0d68e627d">
      <Execution id="0c8c75ea-6f71-4de7-80c8-c464ad47d7fc" />
      <TestMethod codeBase="/home/runner/work/MattSourceGenHelpers/MattSourceGenHelpers/MattSourceGenHelpers.Tests/bin/Debug/net10.0/MattSourceGenHelpers.Tests.dll" adapterTypeName="executor://nunit3testexecutor/" className="MattSourceGenHelpers.Tests.Tests" name="ColorsClassLikeGenerator_ProducesExpectedRuntimeOutput" />
    </UnitTest>
  </TestDefinitions>
  <TestEntries>
    <TestEntry testId="e623c989-d7be-364b-911c-0b8844e875a0" executionId="88696cea-0b3d-41e2-bdc9-19d4b85765d9" testListId="8c84fa94-04c1-424b-9868-57a2d4851a1d" />
    <TestEntry testId="f43425d3-dbe7-cb9c-d67c-14d0d68e627d" executionId="0c8c75ea-6f71-4de7-80c8-c464ad47d7fc" testListId="8c84fa94-04c1-424b-9868-57a2d4851a1d" />
  </TestEntries>
  <TestLists>
    <TestList name="Results Not in a List" id="8c84fa94-04c1-424b-9868-57a2d4851a1d" />
    <TestList name="All Loaded Results" id="19431567-8539-422a-85d7-44ee4e166bda" />
  </TestLists>
  <ResultSummary outcome="Failed">
    <Counters total="2" executed="2" passed="1" failed="1" error="0" timeout="0" aborted="0" inconclusive="0" passedButRunAborted="0" notRunnable="0" notExecuted="0" disconnected="0" warning="0" completed="0" inProgress="0" pending="0" />
    <Output>
      <StdOut>NUnit Adapter 5.0.0.0: Test execution started
Running all tests in /home/runner/work/MattSourceGenHelpers/MattSourceGenHelpers/MattSourceGenHelpers.Tests/bin/Debug/net10.0/MattSourceGenHelpers.Tests.dll
   NUnit3TestExecutor discovered 2 of 2 NUnit test cases using Current Discovery mode, Non-Explicit run
NUnit Adapter 5.0.0.0: Test execution complete
</StdOut>
    </Output>
  </ResultSummary>
</TestRun>